Using pre-set license
Built from '2020.2/release' branch; Version is '2020.2.2f1 (068178b99f32) revision 426360'; Using compiler version '192528614'; Build Type 'Release'
OS: 'Windows 10 Home; OS build 19042.928; Version 2009; 64bit' Language: 'en' Physical Memory: 16196 MB
BatchMode: 1, IsHumanControllingUs: 0, StartBugReporterOnCrash: 0, Is64bit: 1, IsPro: 0

 COMMAND LINE ARGUMENTS:
C:\Program Files\Unity\Hub\Editor\2020.2.2f1\Editor\Unity.exe
-adb2
-batchMode
-noUpm
-name
AssetImportWorker0
-projectPath
C:/Users/crmdo/OneDrive/Desktop/2021 Diploma/Github/Effects-Techno-Magic
-logFile
Logs/AssetImportWorker0.log
-srvPort
51377
Successfully changed project path to: C:/Users/crmdo/OneDrive/Desktop/2021 Diploma/Github/Effects-Techno-Magic
C:/Users/crmdo/OneDrive/Desktop/2021 Diploma/Github/Effects-Techno-Magic
Using Asset Import Pipeline V2.
Refreshing native plugins compatible for Editor in 66.67 ms, found 0 plugins.
Preloading 0 native plugins for Editor in 0.00 ms.
Initialize engine version: 2020.2.2f1 (068178b99f32)
[Subsystems] Discovering subsystems at path C:/Program Files/Unity/Hub/Editor/2020.2.2f1/Editor/Data/Resources/UnitySubsystems
[Subsystems] Discovering subsystems at path C:/Users/crmdo/OneDrive/Desktop/2021 Diploma/Github/Effects-Techno-Magic/Assets
GfxDevice: creating device client; threaded=0
Direct3D:
    Version:  Direct3D 11.0 [level 11.1]
    Renderer: NVIDIA GeForce GTX 1660 Ti (ID=0x2191)
    Vendor:   
    VRAM:     5991 MB
    Driver:   27.21.14.5771
Shader 'Universal Render Pipeline/Particles/Lit': fallback shader 'Universal Render Pipeline/Particles/SimpleLit' not found
Initialize mono
Mono path[0] = 'C:/Program Files/Unity/Hub/Editor/2020.2.2f1/Editor/Data/Managed'
Mono path[1] = 'C:/Program Files/Unity/Hub/Editor/2020.2.2f1/Editor/Data/MonoBleedingEdge/lib/mono/unityjit'
Mono config path = 'C:/Program Files/Unity/Hub/Editor/2020.2.2f1/Editor/Data/MonoBleedingEdge/etc'
Using monoOptions --debugger-agent=transport=dt_socket,embedding=1,server=y,suspend=n,address=127.0.0.1:56596
Begin MonoManager ReloadAssembly
Registering precompiled unity dll's ...
Register platform support module: C:/Program Files/Unity/Hub/Editor/2020.2.2f1/Editor/Data/PlaybackEngines/WindowsStandaloneSupport/UnityEditor.WindowsStandalone.Extensions.dll
Registered in 0.002080 seconds.
Native extension for WindowsStandalone target not found
Refreshing native plugins compatible for Editor in 60.70 ms, found 0 plugins.
Preloading 0 native plugins for Editor in 0.00 ms.
Invoked RoslynAnalysisRunner static constructor.
RoslynAnalysisRunner will not be running.
RoslynAnalysisRunner has terminated.
Mono: successfully reloaded assembly
- Completed reload, in  1.420 seconds
Platform modules already initialized, skipping
Registering precompiled user dll's ...
Registered in 0.001966 seconds.
Begin MonoManager ReloadAssembly
Native extension for WindowsStandalone target not found
Refreshing native plugins compatible for Editor in 56.16 ms, found 0 plugins.
Preloading 0 native plugins for Editor in 0.00 ms.
Invoked RoslynAnalysisRunner static constructor.
RoslynAnalysisRunner will not be running.
RoslynAnalysisRunner has terminated.
Mono: successfully reloaded assembly
- Completed reload, in  1.179 seconds
Platform modules already initialized, skipping
========================================================================
Worker process is ready to serve import requests
Shader 'Universal Render Pipeline/Particles/Lit': fallback shader 'Universal Render Pipeline/Particles/SimpleLit' not found
Launched and connected shader compiler UnityShaderCompiler.exe after 0.04 seconds
Refreshing native plugins compatible for Editor in 0.96 ms, found 0 plugins.
Preloading 0 native plugins for Editor in 0.00 ms.
Unloading 3295 Unused Serialized files (Serialized files now loaded: 0)
System memory in use before: 148.4 MB.
System memory in use after: 146.8 MB.

Unloading 99 unused Assets to reduce memory usage. Loaded Objects now: 3725.
Total: 3.982800 ms (FindLiveObjects: 0.285500 ms CreateObjectMapping: 0.154200 ms MarkObjects: 2.135000 ms  DeleteObjects: 1.407200 ms)

========================================================================
Received Import Request.
  path: Assets/Readme.asset
  artifactKey: Guid(83c2ed844a8c74b779a4c823d16594b1) Importer(815301076,1909f56bfc062723c751e8b465ee728b)
Start importing Assets/Readme.asset using Guid(83c2ed844a8c74b779a4c823d16594b1) Importer(815301076,1909f56bfc062723c751e8b465ee728b)  -> (artifact id: '3b3473d83357613cd2f6b35c5fc253af') in 0.024559 seconds
  Import took 0.029193 seconds .

========================================================================
Received Import Request.
  Time since last request: 0.780201 seconds.
  path: Assets/Scenes/SampleScene.unity
  artifactKey: Guid(d1c3109bdb54ad54c8a2b2838528e640) Importer(815301076,1909f56bfc062723c751e8b465ee728b)
Start importing Assets/Scenes/SampleScene.unity using Guid(d1c3109bdb54ad54c8a2b2838528e640) Importer(815301076,1909f56bfc062723c751e8b465ee728b)  -> (artifact id: '82e1469e6bfc47e84ded4a3562e023ae') in 0.006014 seconds
  Import took 0.010655 seconds .

========================================================================
Received Import Request.
  Time since last request: 0.001903 seconds.
  path: Assets/Scenes/SampleScene.unity
  artifactKey: Guid(d1c3109bdb54ad54c8a2b2838528e640) Importer(815301076,1909f56bfc062723c751e8b465ee728b)
Start importing Assets/Scenes/SampleScene.unity using Guid(d1c3109bdb54ad54c8a2b2838528e640) Importer(815301076,1909f56bfc062723c751e8b465ee728b)  -> (artifact id: '82e1469e6bfc47e84ded4a3562e023ae') in 0.002164 seconds
  Import took 0.006706 seconds .

========================================================================
Received Import Request.
  Time since last request: 2.768212 seconds.
  path: Assets/Claire/Post-process Volume.prefab
  artifactKey: Guid(7e99610611840f3468e923ee1e4a91d7) Importer(815301076,1909f56bfc062723c751e8b465ee728b)
Start importing Assets/Claire/Post-process Volume.prefab using Guid(7e99610611840f3468e923ee1e4a91d7) Importer(815301076,1909f56bfc062723c751e8b465ee728b)  -> (artifact id: '0662dcc4066523825c3897f867312bea') in 0.058661 seconds
  Import took 0.074677 seconds .

========================================================================
Received Import Request.
  Time since last request: 1.163700 seconds.
  path: Assets/Claire/Clean Scene.unity
  artifactKey: Guid(eec95ebef103e514fa9cc59cb799b873) Importer(815301076,1909f56bfc062723c751e8b465ee728b)
Start importing Assets/Claire/Clean Scene.unity using Guid(eec95ebef103e514fa9cc59cb799b873) Importer(815301076,1909f56bfc062723c751e8b465ee728b)  -> (artifact id: '3c5dc4ef29360ac432f2dbc04a105159') in 0.005340 seconds
  Import took 0.009892 seconds .

========================================================================
Received Import Request.
  Time since last request: 6.633108 seconds.
  path: Assets/ProBuilder Data/Default Material Palette.asset
  artifactKey: Guid(334b56269cdccb5458da66b1c57dad3e) Importer(815301076,1909f56bfc062723c751e8b465ee728b)
Start importing Assets/ProBuilder Data/Default Material Palette.asset using Guid(334b56269cdccb5458da66b1c57dad3e) Importer(815301076,1909f56bfc062723c751e8b465ee728b)  -> (artifact id: '3e2fa09c3592a17835d1f17785da159e') in 0.006337 seconds
  Import took 0.011181 seconds .

========================================================================
Received Import Request.
  Time since last request: 21.227471 seconds.
  path: Packages/com.unity.render-pipelines.universal/Runtime/Materials/ParticlesUnlit.mat
  artifactKey: Guid(e823cd5b5d27c0f4b8256e7c12ee3e6d) Importer(815301076,1909f56bfc062723c751e8b465ee728b)
Start importing Packages/com.unity.render-pipelines.universal/Runtime/Materials/ParticlesUnlit.mat using Guid(e823cd5b5d27c0f4b8256e7c12ee3e6d) Importer(815301076,1909f56bfc062723c751e8b465ee728b)  -> (artifact id: 'd7c1797ccfa5f2156480e6010becdf83') in 0.199669 seconds
  Import took 0.204596 seconds .

========================================================================
Received Import Request.
  Time since last request: 6.708330 seconds.
  path: Assets/Claire
  artifactKey: Guid(ed750beedc8dd7643b9085a9b11d9d12) Importer(815301076,1909f56bfc062723c751e8b465ee728b)
Start importing Assets/Claire using Guid(ed750beedc8dd7643b9085a9b11d9d12) Importer(815301076,1909f56bfc062723c751e8b465ee728b)  -> (artifact id: 'cffacf124e3f341ab3161d2c2e85ff13') in 0.005547 seconds
  Import took 0.010299 seconds .

AssetImportWorkerClient::OnTransportError - code=2 error=End of file
